Arguments: 
  /usr/local/bin/node /usr/local/Cellar/yarn/1.3.2/libexec/bin/yarn.js install

PATH: 
  /usr/local/bin:/usr/bin:/bin:/usr/sbin:/sbin

Yarn version: 
  1.3.2

Node version: 
  8.9.4

Platform: 
  darwin x64

npm manifest: 
  {
    "name": "REPU",
    "version": "1.0.0",
    "description": "",
    "main": "truffle.js",
    "directories": {
      "test": "test"
    },
    "dependencies": {
      "babel-polyfill": "^6.26.0",
      "babel-preset-env": "^1.6.1",
      "babel-register": "^6.26.0",
      "chai": "^4.1.2",
      "chai-as-promised": "^7.1.1",
      "chai-bignumber": "^2.0.2",
      "ethereumjs-util": "^5.1.3",
      "truffle": "^4.0.5",
      "truffle-flattener": "^1.2.0",
      "web3": "^0.20.4",
      "zeppelin-solidity": "^1.5.0"
    },
    "devDependencies": {},
    "scripts": {
      "test": "truffle test",
      "flatten": "./node_modules/.bin/truffle-flattener ./contracts/Configurator.sol > ./deploy/contracts.sol",
    },
    "repository": {
      "type": "git",
      "url": "git+https://github.com/cromlehg/REPU.git"
    },
    "keywords": [
      "solidity",
      "ICO",
      "presale",
      "ethereum",
      "smart-contract"
    ],
    "author": "Alexander Strakh",
    "license": "ISC",
    "bugs": {
      "url": "https://github.com/cromlehg/REPU/issues"
    },
    "homepage": "https://github.com/cromlehg/REPU#readme"
  }

yarn manifest: 
  No manifest

Lockfile: 
  No lockfile

Trace: 
  SyntaxError: /Users/arkadiy/work/REPU/package.json: Unexpected token } in JSON at position 673
      at JSON.parse (<anonymous>)
      at /usr/local/Cellar/yarn/1.3.2/libexec/lib/cli.js:770:59
      at Generator.next (<anonymous>)
      at step (/usr/local/Cellar/yarn/1.3.2/libexec/lib/cli.js:92:30)
      at /usr/local/Cellar/yarn/1.3.2/libexec/lib/cli.js:103:13
      at <anonymous>
